#
# There is insufficient memory for the Java Runtime Environment to continue.
# Native memory allocation (malloc) failed to allocate 32744 bytes for ChunkPool::allocate
# Possible reasons:
#   The system is out of physical RAM or swap space
#   The process is running with CompressedOops enabled, and the Java Heap may be blocking the growth of the native heap
# Possible solutions:
#   Reduce memory load on the system
#   Increase physical memory or swap space
#   Check if swap backing store is full
#   Decrease Java heap size (-Xmx/-Xms)
#   Decrease number of Java threads
#   Decrease Java thread stack sizes (-Xss)
#   Set larger code cache with -XX:ReservedCodeCacheSize=
#   JVM is running with Zero Based Compressed Oops mode in which the Java heap is
#     placed in the first 32GB address space. The Java Heap base address is the
#     maximum limit for the native heap growth. Please use -XX:HeapBaseMinAddress
#     to set the Java Heap base and to place the Java Heap above 32GB virtual address.
# This output file may be truncated or incomplete.
#
#  Out of Memory Error (allocation.cpp:272), pid=18832, tid=0x0000000000008130
#
# JRE version: Java(TM) SE Runtime Environment (8.0_281-b09) (build 1.8.0_281-b09)
# Java VM: Java HotSpot(TM) 64-Bit Server VM (25.281-b09 mixed mode windows-amd64 compressed oops)
# Failed to write core dump. Minidumps are not enabled by default on client versions of Windows
#

---------------  T H R E A D  ---------------

Current thread (0x000001bb7d42c800):  JavaThread "C2 CompilerThread1" daemon [_thread_in_native, id=33072, stack(0x000000701b400000,0x000000701b500000)]

Stack: [0x000000701b400000,0x000000701b500000]
Native frames: (J=compiled Java code, j=interpreted, Vv=VM code, C=native code)
V  [jvm.dll+0x32e5b9]
V  [jvm.dll+0x275012]
V  [jvm.dll+0x275cbd]
V  [jvm.dll+0x26c6f5]
V  [jvm.dll+0xd569d]
V  [jvm.dll+0xd59fc]
V  [jvm.dll+0x452a27]
V  [jvm.dll+0x48d85d]
V  [jvm.dll+0x4423f1]
V  [jvm.dll+0x43f664]
V  [jvm.dll+0x42a5e7]
V  [jvm.dll+0xabe9b]
V  [jvm.dll+0xaa4fb]
V  [jvm.dll+0x23d6b2]
V  [jvm.dll+0x291cbc]
C  [ucrtbase.dll+0x26c0c]
C  [KERNEL32.DLL+0x154e0]
C  [ntdll.dll+0x485b]


Current CompileTask:
C2: 448861  464       4       java.util.Arrays::binarySearch0 (95 bytes)


---------------  P R O C E S S  ---------------

Java Threads: ( => current thread )
  0x000001bb7ee9a800 JavaThread "TimerQueue" daemon [_thread_blocked, id=29524, stack(0x000000701c000000,0x000000701c100000)]
  0x000001bb70eb4800 JavaThread "DestroyJavaVM" [_thread_blocked, id=28952, stack(0x000000701a500000,0x000000701a600000)]
  0x000001bb7ede4000 JavaThread "AWT-EventQueue-0" [_thread_blocked, id=12640, stack(0x000000701bc00000,0x000000701bd00000)]
  0x000001bb7ed72800 JavaThread "AWT-Windows" daemon [_thread_in_native, id=27808, stack(0x000000701bb00000,0x000000701bc00000)]
  0x000001bb7ebcd800 JavaThread "AWT-Shutdown" [_thread_blocked, id=23884, stack(0x000000701ba00000,0x000000701bb00000)]
  0x000001bb7ed6c000 JavaThread "Java2D Disposer" daemon [_thread_blocked, id=17380, stack(0x000000701b900000,0x000000701ba00000)]
  0x000001bb7e7f0800 JavaThread "Service Thread" daemon [_thread_blocked, id=36680, stack(0x000000701b700000,0x000000701b800000)]
  0x000001bb7d43f000 JavaThread "C1 CompilerThread3" daemon [_thread_blocked, id=6204, stack(0x000000701b600000,0x000000701b700000)]
  0x000001bb7d432800 JavaThread "C2 CompilerThread2" daemon [_thread_blocked, id=26344, stack(0x000000701b500000,0x000000701b600000)]
=>0x000001bb7d42c800 JavaThread "C2 CompilerThread1" daemon [_thread_in_native, id=33072, stack(0x000000701b400000,0x000000701b500000)]
  0x000001bb7d42a800 JavaThread "C2 CompilerThread0" daemon [_thread_blocked, id=17692, stack(0x000000701b300000,0x000000701b400000)]
  0x000001bb7d427800 JavaThread "Attach Listener" daemon [_thread_blocked, id=9784, stack(0x000000701b200000,0x000000701b300000)]
  0x000001bb7d425800 JavaThread "Signal Dispatcher" daemon [_thread_blocked, id=6072, stack(0x000000701b100000,0x000000701b200000)]
  0x000001bb7d406800 JavaThread "Finalizer" daemon [_thread_blocked, id=13552, stack(0x000000701b000000,0x000000701b100000)]
  0x000001bb7d3e0000 JavaThread "Reference Handler" daemon [_thread_blocked, id=30436, stack(0x000000701af00000,0x000000701b000000)]

Other Threads:
  0x000001bb7c80e800 VMThread [stack: 0x000000701ae00000,0x000000701af00000] [id=33944]
  0x000001bb7e80e000 WatcherThread [stack: 0x000000701b800000,0x000000701b900000] [id=27836]

VM state:not at safepoint (normal execution)

VM Mutex/Monitor currently owned by a thread: None

heap address: 0x00000006c4000000, size: 4032 MB, Compressed Oops mode: Zero based, Oop shift amount: 3
Narrow klass base: 0x0000000000000000, Narrow klass shift: 3
Compressed class space size: 1073741824 Address: 0x00000007c0000000

Heap:
 PSYoungGen      total 75264K, used 10322K [0x000000076c000000, 0x0000000771400000, 0x00000007c0000000)
  eden space 64512K, 16% used [0x000000076c000000,0x000000076ca14a30,0x000000076ff00000)
  from space 10752K, 0% used [0x0000000770980000,0x0000000770980000,0x0000000771400000)
  to   space 10752K, 0% used [0x000000076ff00000,0x000000076ff00000,0x0000000770980000)
 ParOldGen       total 172032K, used 0K [0x00000006c4000000, 0x00000006ce800000, 0x000000076c000000)
  object space 172032K, 0% used [0x00000006c4000000,0x00000006c4000000,0x00000006ce800000)
 Metaspace       used 9715K, capacity 9880K, committed 10112K, reserved 1058816K
  class space    used 1229K, capacity 1290K, committed 1408K, reserved 1048576K

Card table byte_map: [0x000001bb72bb0000,0x000001bb733a0000] byte_map_base: 0x000001bb6f590000

Marking Bits: (ParMarkBitMap*) 0x0000000062346ff0
 Begin Bits: [0x000001bb738e0000, 0x000001bb777e0000)
 End Bits:   [0x000001bb777e0000, 0x000001bb7b6e0000)

Polling page: 0x000001bb71010000

CodeCache: size=245760Kb used=1979Kb max_used=1979Kb free=243780Kb
 bounds [0x000001bb00000000, 0x000001bb00270000, 0x000001bb0f000000]
 total_blobs=927 nmethods=464 adapters=376
 compilation: enabled

Compilation events (10 events):
Event: 6.615 Thread 0x000001bb7d43f000 nmethod 458 0x000001bb001ec190 code [0x000001bb001ec2e0, 0x000001bb001ec3f8]
Event: 7.327 Thread 0x000001bb7d43f000  459       3       java.awt.KeyboardFocusManager::getCurrentKeyboardFocusManager (7 bytes)
Event: 7.328 Thread 0x000001bb7d43f000 nmethod 459 0x000001bb001ec650 code [0x000001bb001ec800, 0x000001bb001ecec0]
Event: 448.829 Thread 0x000001bb7d43f000  461       3       java.lang.invoke.MethodType::toMethodDescriptorString (21 bytes)
Event: 448.830 Thread 0x000001bb7d43f000 nmethod 461 0x000001bb001ed2d0 code [0x000001bb001ed4e0, 0x000001bb001ee000]
Event: 448.834 Thread 0x000001bb7d43f000  463       3       jdk.internal.org.objectweb.asm.Item::<init> (5 bytes)
Event: 448.834 Thread 0x000001bb7d43f000 nmethod 463 0x000001bb001ee8d0 code [0x000001bb001eea20, 0x000001bb001eebd8]
Event: 448.837 Thread 0x000001bb7d42c800  464       4       java.util.Arrays::binarySearch0 (95 bytes)
Event: 448.837 Thread 0x000001bb7d43f000  465       1       sun.java2d.SurfaceData::isValid (5 bytes)
Event: 448.837 Thread 0x000001bb7d43f000 nmethod 465 0x000001bb001eec90 code [0x000001bb001eede0, 0x000001bb001eeef8]

GC Heap History (0 events):
No events

Deoptimization events (0 events):
No events

Classes redefined (0 events):
No events

Internal exceptions (10 events):
Event: 0.036 Thread 0x000001bb70eb4800 Exception <a 'java/lang/NoSuchMethodError': Method sun.misc.Unsafe.defineClass(Ljava/lang/String;[BII)Ljava/lang/Class; name or signature does not match> (0x000000076c007cc0) thrown at [C:\jenkins\workspace\8-2-build-windows-amd64-cygwin\jdk8u281\880\hots
Event: 0.036 Thread 0x000001bb70eb4800 Exception <a 'java/lang/NoSuchMethodError': Method sun.misc.Unsafe.prefetchRead(Ljava/lang/Object;J)V name or signature does not match> (0x000000076c007fa8) thrown at [C:\jenkins\workspace\8-2-build-windows-amd64-cygwin\jdk8u281\880\hotspot\src\share\vm\p
Event: 0.121 Thread 0x000001bb70eb4800 Exception <a 'java/security/PrivilegedActionException'> (0x000000076c09e538) thrown at [C:\jenkins\workspace\8-2-build-windows-amd64-cygwin\jdk8u281\880\hotspot\src\share\vm\prims\jvm.cpp, line 1512]
Event: 0.121 Thread 0x000001bb70eb4800 Exception <a 'java/security/PrivilegedActionException'> (0x000000076c09e748) thrown at [C:\jenkins\workspace\8-2-build-windows-amd64-cygwin\jdk8u281\880\hotspot\src\share\vm\prims\jvm.cpp, line 1512]
Event: 0.122 Thread 0x000001bb70eb4800 Exception <a 'java/security/PrivilegedActionException'> (0x000000076c0a23b8) thrown at [C:\jenkins\workspace\8-2-build-windows-amd64-cygwin\jdk8u281\880\hotspot\src\share\vm\prims\jvm.cpp, line 1512]
Event: 0.122 Thread 0x000001bb70eb4800 Exception <a 'java/security/PrivilegedActionException'> (0x000000076c0a25c8) thrown at [C:\jenkins\workspace\8-2-build-windows-amd64-cygwin\jdk8u281\880\hotspot\src\share\vm\prims\jvm.cpp, line 1512]
Event: 0.128 Thread 0x000001bb70eb4800 Exception <a 'java/io/FileNotFoundException'> (0x000000076c0a7cc8) thrown at [C:\jenkins\workspace\8-2-build-windows-amd64-cygwin\jdk8u281\880\hotspot\src\share\vm\prims\jni.cpp, line 710]
Event: 0.168 Thread 0x000001bb70eb4800 Exception <a 'java/lang/NoSuchFieldError': method resolution failed> (0x000000076c2bb080) thrown at [C:\jenkins\workspace\8-2-build-windows-amd64-cygwin\jdk8u281\880\hotspot\src\share\vm\prims\methodHandles.cpp, line 1169]
Event: 0.170 Thread 0x000001bb70eb4800 Exception <a 'java/lang/NoSuchFieldError': method resolution failed> (0x000000076c2c8450) thrown at [C:\jenkins\workspace\8-2-build-windows-amd64-cygwin\jdk8u281\880\hotspot\src\share\vm\prims\methodHandles.cpp, line 1169]
Event: 0.216 Thread 0x000001bb70eb4800 Exception <a 'java/io/FileNotFoundException'> (0x000000076c3626c0) thrown at [C:\jenkins\workspace\8-2-build-windows-amd64-cygwin\jdk8u281\880\hotspot\src\share\vm\prims\jni.cpp, line 710]

Events (10 events):
Event: 7.263 loading class java/awt/KeyboardFocusManager$2
Event: 7.268 loading class java/awt/KeyboardFocusManager$2 done
Event: 7.268 loading class sun/awt/SunToolkit$1
Event: 7.269 loading class sun/awt/SunToolkit$1 done
Event: 448.832 loading class java/util/WeakHashMap$KeyIterator
Event: 448.832 loading class java/util/WeakHashMap$HashIterator
Event: 448.832 loading class java/util/WeakHashMap$HashIterator done
Event: 448.832 loading class java/util/WeakHashMap$KeyIterator done
Event: 448.835 loading class javax/swing/RepaintManager$DisplayChangedRunnable
Event: 448.835 loading class javax/swing/RepaintManager$DisplayChangedRunnable done


Dynamic libraries:
0x00007ff6c5750000 - 0x00007ff6c5797000 	C:\Program Files\Java\jre1.8.0_281\bin\javaw.exe
0x00007ffd05780000 - 0x00007ffd05989000 	C:\Windows\SYSTEM32\ntdll.dll
0x00007ffd05470000 - 0x00007ffd0552d000 	C:\Windows\System32\KERNEL32.DLL
0x00007ffd02c60000 - 0x00007ffd02fdc000 	C:\Windows\System32\KERNELBASE.dll
0x00007ffd03a40000 - 0x00007ffd03aee000 	C:\Windows\System32\ADVAPI32.dll
0x00007ffd045d0000 - 0x00007ffd04673000 	C:\Windows\System32\msvcrt.dll
0x00007ffd04a50000 - 0x00007ffd04aee000 	C:\Windows\System32\sechost.dll
0x00007ffd05530000 - 0x00007ffd05650000 	C:\Windows\System32\RPCRT4.dll
0x00007ffd037a0000 - 0x00007ffd0394d000 	C:\Windows\System32\USER32.dll
0x00007ffd02fe0000 - 0x00007ffd03006000 	C:\Windows\System32\win32u.dll
0x00007ffd048e0000 - 0x00007ffd04909000 	C:\Windows\System32\GDI32.dll
0x00007ffd03130000 - 0x00007ffd03249000 	C:\Windows\System32\gdi32full.dll
0x00007ffd03090000 - 0x00007ffd0312d000 	C:\Windows\System32\msvcp_win.dll
0x00007ffd033c0000 - 0x00007ffd034d1000 	C:\Windows\System32\ucrtbase.dll
0x00007ffce9310000 - 0x00007ffce95b5000 	C:\Windows\WinSxS\amd64_microsoft.windows.common-controls_6595b64144ccf1df_6.0.22000.120_none_9d947278b86cc467\COMCTL32.dll
0x00007ffd04590000 - 0x00007ffd045c1000 	C:\Windows\System32\IMM32.DLL
0x00007ffce6bc0000 - 0x00007ffce6bd5000 	C:\Program Files\Java\jre1.8.0_281\bin\vcruntime140.dll
0x00007ffce1870000 - 0x00007ffce190b000 	C:\Program Files\Java\jre1.8.0_281\bin\msvcp140.dll
0x0000000061b60000 - 0x00000000623bf000 	C:\Program Files\Java\jre1.8.0_281\bin\server\jvm.dll
0x00007ffd03b70000 - 0x00007ffd03b78000 	C:\Windows\System32\PSAPI.DLL
0x00007ffcfc5f0000 - 0x00007ffcfc623000 	C:\Windows\SYSTEM32\WINMM.dll
0x00007ffcdcd40000 - 0x00007ffcdcd49000 	C:\Windows\SYSTEM32\WSOCK32.dll
0x00007ffcf5540000 - 0x00007ffcf554a000 	C:\Windows\SYSTEM32\VERSION.dll
0x00007ffd04690000 - 0x00007ffd046ff000 	C:\Windows\System32\WS2_32.dll
0x00007ffd01d30000 - 0x00007ffd01d48000 	C:\Windows\SYSTEM32\kernel.appcore.dll
0x00007ffc9ce50000 - 0x00007ffc9ce60000 	C:\Program Files\Java\jre1.8.0_281\bin\verify.dll
0x00007ffc9ce20000 - 0x00007ffc9ce4b000 	C:\Program Files\Java\jre1.8.0_281\bin\java.dll
0x00007ffc9ce00000 - 0x00007ffc9ce18000 	C:\Program Files\Java\jre1.8.0_281\bin\zip.dll
0x00007ffd04cb0000 - 0x00007ffd05468000 	C:\Windows\System32\SHELL32.dll
0x00007ffd00cc0000 - 0x00007ffd01528000 	C:\Windows\SYSTEM32\windows.storage.dll
0x00007ffd04050000 - 0x00007ffd043c9000 	C:\Windows\System32\combase.dll
0x00007ffd00b50000 - 0x00007ffd00cb6000 	C:\Windows\SYSTEM32\wintypes.dll
0x00007ffd05650000 - 0x00007ffd0573a000 	C:\Windows\System32\SHCORE.dll
0x00007ffd03620000 - 0x00007ffd0367d000 	C:\Windows\System32\shlwapi.dll
0x00007ffd02b90000 - 0x00007ffd02bb1000 	C:\Windows\SYSTEM32\profapi.dll
0x00007ffc9bce0000 - 0x00007ffc9be75000 	C:\Program Files\Java\jre1.8.0_281\bin\awt.dll
0x00007ffd04910000 - 0x00007ffd049e6000 	C:\Windows\System32\OLEAUT32.dll
0x00007ffcfd380000 - 0x00007ffcfd411000 	C:\Windows\SYSTEM32\apphelp.dll
0x00007ffcfd810000 - 0x00007ffcfd83f000 	C:\Windows\system32\DWMAPI.DLL
0x00007ffcfd480000 - 0x00007ffcfd52c000 	C:\Windows\system32\uxtheme.dll
0x00007ffc977d0000 - 0x00007ffc978d1000 	C:\Windows\system32\opengl32.dll
0x00007ffc977a0000 - 0x00007ffc977cd000 	C:\Windows\SYSTEM32\GLU32.dll
0x00007ffcfd730000 - 0x00007ffcfd768000 	C:\Windows\SYSTEM32\dxcore.dll
0x00007ffd03680000 - 0x00007ffd0379e000 	C:\Windows\System32\MSCTF.dll
0x00007ffd043f0000 - 0x00007ffd0458a000 	C:\Windows\System32\ole32.dll
0x00007ffd03010000 - 0x00007ffd0308f000 	C:\Windows\System32\bcryptPrimitives.dll
0x00007ffce1bf0000 - 0x00007ffce1c39000 	C:\Program Files\Java\jre1.8.0_281\bin\fontmanager.dll
0x00007ffd04710000 - 0x00007ffd047bf000 	C:\Windows\System32\clbcatq.dll
0x00007ffcf9280000 - 0x00007ffcf942e000 	C:\Windows\SYSTEM32\WindowsCodecs.dll
0x00007ffc96070000 - 0x00007ffc960cd000 	C:\Windows\system32\dataexchange.dll
0x00007ffcf8a30000 - 0x00007ffcf8c96000 	C:\Windows\system32\twinapi.appcore.dll
0x00007ffce8600000 - 0x00007ffce872d000 	C:\Windows\SYSTEM32\textinputframework.dll
0x00007ffc9cda0000 - 0x00007ffc9cdbc000 	C:\Program Files\Java\jre1.8.0_281\bin\net.dll
0x00007ffd02270000 - 0x00007ffd022d7000 	C:\Windows\system32\mswsock.dll
0x00007ffc9cb50000 - 0x00007ffc9cb63000 	C:\Program Files\Java\jre1.8.0_281\bin\nio.dll
0x00007ffce1820000 - 0x00007ffce1863000 	C:\Program Files\Java\jre1.8.0_281\bin\t2k.dll
0x00007ffcfd090000 - 0x00007ffcfd1c2000 	C:\Windows\SYSTEM32\CoreMessaging.dll
0x00007ffcfa310000 - 0x00007ffcfa67d000 	C:\Windows\SYSTEM32\CoreUIComponents.dll
0x00007ffd024d0000 - 0x00007ffd024dc000 	C:\Windows\SYSTEM32\CRYPTBASE.DLL
0x00007ffd00680000 - 0x00007ffd008a1000 	C:\Windows\SYSTEM32\dbghelp.dll

VM Arguments:
jvm_args: -Dfile.encoding=Cp1252 
java_command: MCQ.Question
java_class_path (initial): C:\Program Files\Java\jre1.8.0_281\lib\resources.jar;C:\Program Files\Java\jre1.8.0_281\lib\rt.jar;C:\Program Files\Java\jre1.8.0_281\lib\jsse.jar;C:\Program Files\Java\jre1.8.0_281\lib\jce.jar;C:\Program Files\Java\jre1.8.0_281\lib\charsets.jar;C:\Program Files\Java\jre1.8.0_281\lib\jfr.jar;C:\Program Files\Java\jre1.8.0_281\lib\ext\access-bridge-64.jar;C:\Program Files\Java\jre1.8.0_281\lib\ext\cldrdata.jar;C:\Program Files\Java\jre1.8.0_281\lib\ext\dnsns.jar;C:\Program Files\Java\jre1.8.0_281\lib\ext\dns_sd.jar;C:\Program Files\Java\jre1.8.0_281\lib\ext\jaccess.jar;C:\Program Files\Java\jre1.8.0_281\lib\ext\jfxrt.jar;C:\Program Files\Java\jre1.8.0_281\lib\ext\localedata.jar;C:\Program Files\Java\jre1.8.0_281\lib\ext\nashorn.jar;C:\Program Files\Java\jre1.8.0_281\lib\ext\sunec.jar;C:\Program Files\Java\jre1.8.0_281\lib\ext\sunjce_provider.jar;C:\Program Files\Java\jre1.8.0_281\lib\ext\sunmscapi.jar;C:\Program Files\Java\jre1.8.0_281\lib\ext\sunpkcs11.jar;C:\Program Files\Java\jre1.8.0_281\lib\ext\zipfs.jar;D:\Automation\MCQ\bin
Launcher Type: SUN_STANDARD

Environment Variables:
JAVA_HOME=C:\Program Files\Java\jdk1.8.0_281
PATH=C:/Program Files/Java/jre1.8.0_281/bin/server;C:/Program Files/Java/jre1.8.0_281/bin;C:/Program Files/Java/jre1.8.0_281/lib/amd64;C:\ProgramData\Oracle\Java\javapath;C:\Program Files\Microsoft MPI\Bin\;C:\Program Files (x86)\Common Files\Oracle\Java\javapath;C:\Windows\system32;C:\Windows;C:\Windows\System32\Wbem;C:\Windows\System32\WindowsPowerShell\v1.0\;C:\Windows\System32\OpenSSH\;C:\Program Files\NVIDIA Corporation\NVIDIA NvDLISR;C:\Program Files\TortoiseSVN\bin;C:\Program Files (x86)\Microsoft SQL Server\140\Tools\Binn\;C:\Program Files\Microsoft SQL Server\140\Tools\Binn\;C:\Program Files (x86)\Microsoft SQL Server\140\DTS\Binn\;C:\Program Files\Microsoft SQL Server\140\DTS\Binn\;C:\Program Files\Microsoft SQL Server\Client SDK\ODBC\130\Tools\Binn\;C:\Program Files (x86)\Microsoft SQL Server\150\DTS\Binn\;C:\Program Files\Azure Data Studio\bin;C:\Users\Administrator\AppData\Local\Programs\Python\Python310\python.exe;C:\Users\Administrator\AppData\Local\Programs\Python\Python310\Scripts\pip3.10.exe;C:\Program Files\nodejs\;D:\dependency\allure-commandline-2.17.3\allure-2.17.3\bin;C:\Program Files\Java\jdk1.8.0_281\bin;C:\Program Files\dotnet\;c:\page;C:\Program Files (x86)\Microsoft SQL Server\150\Tools\Binn\;C:\Program Files\Microsoft SQL Server\150\Tools\Binn\;C:\Program Files\Microsoft SQL Server\150\DTS\Binn\;C:\Program Files\Microsoft SQL Server\Client SDK\ODBC\170\Tools\Binn\;C:\Program Files\Git\cmd;C:\Users\Murali.R\AppData\Local\Microsoft\WindowsApps;C:\Users\Murali.R\AppData\Local\GitHubDesktop\bin;C:\Users\Murali.R\AppData\Local\Programs\Python\Python39\Scripts;C:\Program Files\heroku\bin;E:\SOFTWARE\Eclipse\eclipse;
USERNAME=Murali.R
OS=Windows_NT
PROCESSOR_IDENTIFIER=Intel64 Family 6 Model 140 Stepping 1, GenuineIntel



---------------  S Y S T E M  ---------------

OS: Windows 10.0 , 64 bit Build 22000 (10.0.22000.708)

CPU:total 8 (initial active 8) (4 cores per cpu, 2 threads per core) family 6 model 140 stepping 1, cmov, cx8, fxsr, mmx, sse, sse2, sse3, ssse3, sse4.1, sse4.2, popcnt, avx, avx2, aes, clmul, erms, 3dnowpref, lzcnt, ht, tsc, tscinvbit, bmi1, bmi2, adx

Memory: 4k page, physical 16509728k(4065688k free), swap 49143836k(2716k free)

vm_info: Java HotSpot(TM) 64-Bit Server VM (25.281-b09) for windows-amd64 JRE (1.8.0_281-b09), built on Dec  9 2020 13:54:07 by "" with MS VC++ 15.9 (VS2017)

time: Thu Sep 22 15:16:11 2022
timezone: India Standard Time
elapsed time: 448.869619 seconds (0d 0h 7m 28s)

