#
# There is insufficient memory for the Java Runtime Environment to continue.
# Native memory allocation (malloc) failed to allocate 32744 bytes for ChunkPool::allocate
# Possible reasons:
#   The system is out of physical RAM or swap space
#   The process is running with CompressedOops enabled, and the Java Heap may be blocking the growth of the native heap
# Possible solutions:
#   Reduce memory load on the system
#   Increase physical memory or swap space
#   Check if swap backing store is full
#   Decrease Java heap size (-Xmx/-Xms)
#   Decrease number of Java threads
#   Decrease Java thread stack sizes (-Xss)
#   Set larger code cache with -XX:ReservedCodeCacheSize=
#   JVM is running with Zero Based Compressed Oops mode in which the Java heap is
#     placed in the first 32GB address space. The Java Heap base address is the
#     maximum limit for the native heap growth. Please use -XX:HeapBaseMinAddress
#     to set the Java Heap base and to place the Java Heap above 32GB virtual address.
# This output file may be truncated or incomplete.
#
#  Out of Memory Error (allocation.cpp:272), pid=13632, tid=0x0000000000007cbc
#
# JRE version: Java(TM) SE Runtime Environment (8.0_281-b09) (build 1.8.0_281-b09)
# Java VM: Java HotSpot(TM) 64-Bit Server VM (25.281-b09 mixed mode windows-amd64 compressed oops)
# Failed to write core dump. Minidumps are not enabled by default on client versions of Windows
#

---------------  T H R E A D  ---------------

Current thread (0x000001e5be555800):  JavaThread "C2 CompilerThread1" daemon [_thread_in_native, id=31932, stack(0x000000788a300000,0x000000788a400000)]

Stack: [0x000000788a300000,0x000000788a400000]
Native frames: (J=compiled Java code, j=interpreted, Vv=VM code, C=native code)
V  [jvm.dll+0x32e5b9]


Current CompileTask:
C2:5069778  478       4       java.util.Arrays::binarySearch0 (95 bytes)


---------------  P R O C E S S  ---------------

Java Threads: ( => current thread )
  0x000001e5bf8f3000 JavaThread "TimerQueue" daemon [_thread_blocked, id=32832, stack(0x000000788af00000,0x000000788b000000)]
  0x000001e5bf8f8000 JavaThread "DestroyJavaVM" [_thread_blocked, id=12396, stack(0x0000007889400000,0x0000007889500000)]
  0x000001e5bf8f9800 JavaThread "AWT-EventQueue-0" [_thread_blocked, id=32184, stack(0x000000788ab00000,0x000000788ac00000)]
  0x000001e5bf8f6000 JavaThread "AWT-Windows" daemon [_thread_in_native, id=29104, stack(0x000000788aa00000,0x000000788ab00000)]
  0x000001e5bf8f9000 JavaThread "AWT-Shutdown" [_thread_blocked, id=13668, stack(0x000000788a900000,0x000000788aa00000)]
  0x000001e5bf8f7800 JavaThread "Java2D Disposer" daemon [_thread_blocked, id=29940, stack(0x000000788a800000,0x000000788a900000)]
  0x000001e5bf8f6800 JavaThread "Service Thread" daemon [_thread_blocked, id=812, stack(0x000000788a600000,0x000000788a700000)]
  0x000001e5be55f800 JavaThread "C1 CompilerThread3" daemon [_thread_blocked, id=32056, stack(0x000000788a500000,0x000000788a600000)]
  0x000001e5be55a000 JavaThread "C2 CompilerThread2" daemon [_thread_blocked, id=6288, stack(0x000000788a400000,0x000000788a500000)]
=>0x000001e5be555800 JavaThread "C2 CompilerThread1" daemon [_thread_in_native, id=31932, stack(0x000000788a300000,0x000000788a400000)]
  0x000001e5be553800 JavaThread "C2 CompilerThread0" daemon [_thread_blocked, id=32176, stack(0x000000788a200000,0x000000788a300000)]
  0x000001e5be548800 JavaThread "Attach Listener" daemon [_thread_blocked, id=33028, stack(0x000000788a100000,0x000000788a200000)]
  0x000001e5be544800 JavaThread "Signal Dispatcher" daemon [_thread_blocked, id=30548, stack(0x000000788a000000,0x000000788a100000)]
  0x000001e5be523800 JavaThread "Finalizer" daemon [_thread_blocked, id=28676, stack(0x0000007889f00000,0x000000788a000000)]
  0x000001e5be4fd000 JavaThread "Reference Handler" daemon [_thread_blocked, id=31876, stack(0x0000007889e00000,0x0000007889f00000)]

Other Threads:
  0x000001e5be4f5000 VMThread [stack: 0x0000007889d00000,0x0000007889e00000] [id=32196]
  0x000001e5bf920800 WatcherThread [stack: 0x000000788a700000,0x000000788a800000] [id=31232]

VM state:not at safepoint (normal execution)

VM Mutex/Monitor currently owned by a thread: None

heap address: 0x00000006c4000000, size: 4032 MB, Compressed Oops mode: Zero based, Oop shift amount: 3
Narrow klass base: 0x0000000000000000, Narrow klass shift: 3
Compressed class space size: 1073741824 Address: 0x00000007c0000000

Heap:
 PSYoungGen      total 75264K, used 10322K [0x000000076c000000, 0x0000000771400000, 0x00000007c0000000)
  eden space 64512K, 16% used [0x000000076c000000,0x000000076ca14ad8,0x000000076ff00000)
  from space 10752K, 0% used [0x0000000770980000,0x0000000770980000,0x0000000771400000)
  to   space 10752K, 0% used [0x000000076ff00000,0x000000076ff00000,0x0000000770980000)
 ParOldGen       total 172032K, used 0K [0x00000006c4000000, 0x00000006ce800000, 0x000000076c000000)
  object space 172032K, 0% used [0x00000006c4000000,0x00000006c4000000,0x00000006ce800000)
 Metaspace       used 9751K, capacity 9884K, committed 10112K, reserved 1058816K
  class space    used 1228K, capacity 1290K, committed 1408K, reserved 1048576K

Card table byte_map: [0x000001e5b3d10000,0x000001e5b4500000] byte_map_base: 0x000001e5b06f0000

Marking Bits: (ParMarkBitMap*) 0x0000000062346ff0
 Begin Bits: [0x000001e5b4a40000, 0x000001e5b8940000)
 End Bits:   [0x000001e5b8940000, 0x000001e5bc840000)

Polling page: 0x000001e5a30c0000

CodeCache: size=245760Kb used=2045Kb max_used=2045Kb free=243714Kb
 bounds [0x000001e5a4950000, 0x000001e5a4bc0000, 0x000001e5b3950000]
 total_blobs=940 nmethods=477 adapters=376
 compilation: enabled

Compilation events (10 events):
Event: 1.327 Thread 0x000001e5be55f800 nmethod 471 0x000001e5a4b4cbd0 code [0x000001e5a4b4cd20, 0x000001e5a4b4ce38]
Event: 5069.756 Thread 0x000001e5be55f800  473       3       java.lang.invoke.MethodType$ConcurrentWeakInternSet$WeakEntry::equals (49 bytes)
Event: 5069.758 Thread 0x000001e5be55f800 nmethod 473 0x000001e5a4b4d090 code [0x000001e5a4b4d220, 0x000001e5a4b4d890]
Event: 5069.758 Thread 0x000001e5be55f800  474       3       java.lang.invoke.MethodType::toMethodDescriptorString (21 bytes)
Event: 5069.759 Thread 0x000001e5be55f800 nmethod 474 0x000001e5a4b4d990 code [0x000001e5a4b4dba0, 0x000001e5a4b4e6c0]
Event: 5069.771 Thread 0x000001e5be55f800  475       3       java.util.Arrays::copyOfRange (11 bytes)
Event: 5069.771 Thread 0x000001e5be55f800 nmethod 475 0x000001e5a4b4ef90 code [0x000001e5a4b4f100, 0x000001e5a4b4f310]
Event: 5069.772 Thread 0x000001e5be55f800  477       3       jdk.internal.org.objectweb.asm.Item::<init> (5 bytes)
Event: 5069.772 Thread 0x000001e5be55f800 nmethod 477 0x000001e5a4b4f3d0 code [0x000001e5a4b4f520, 0x000001e5a4b4f6d8]
Event: 5069.774 Thread 0x000001e5be555800  478       4       java.util.Arrays::binarySearch0 (95 bytes)

GC Heap History (0 events):
No events

Deoptimization events (0 events):
No events

Classes redefined (0 events):
No events

Internal exceptions (10 events):
Event: 0.023 Thread 0x000001e5a2e43800 Exception <a 'java/lang/NoSuchMethodError': Method sun.misc.Unsafe.defineClass(Ljava/lang/String;[BII)Ljava/lang/Class; name or signature does not match> (0x000000076c007cc0) thrown at [C:\jenkins\workspace\8-2-build-windows-amd64-cygwin\jdk8u281\880\hots
Event: 0.023 Thread 0x000001e5a2e43800 Exception <a 'java/lang/NoSuchMethodError': Method sun.misc.Unsafe.prefetchRead(Ljava/lang/Object;J)V name or signature does not match> (0x000000076c007fa8) thrown at [C:\jenkins\workspace\8-2-build-windows-amd64-cygwin\jdk8u281\880\hotspot\src\share\vm\p
Event: 0.079 Thread 0x000001e5a2e43800 Exception <a 'java/security/PrivilegedActionException'> (0x000000076c09e458) thrown at [C:\jenkins\workspace\8-2-build-windows-amd64-cygwin\jdk8u281\880\hotspot\src\share\vm\prims\jvm.cpp, line 1512]
Event: 0.079 Thread 0x000001e5a2e43800 Exception <a 'java/security/PrivilegedActionException'> (0x000000076c09e668) thrown at [C:\jenkins\workspace\8-2-build-windows-amd64-cygwin\jdk8u281\880\hotspot\src\share\vm\prims\jvm.cpp, line 1512]
Event: 0.079 Thread 0x000001e5a2e43800 Exception <a 'java/security/PrivilegedActionException'> (0x000000076c0a22d8) thrown at [C:\jenkins\workspace\8-2-build-windows-amd64-cygwin\jdk8u281\880\hotspot\src\share\vm\prims\jvm.cpp, line 1512]
Event: 0.079 Thread 0x000001e5a2e43800 Exception <a 'java/security/PrivilegedActionException'> (0x000000076c0a24e8) thrown at [C:\jenkins\workspace\8-2-build-windows-amd64-cygwin\jdk8u281\880\hotspot\src\share\vm\prims\jvm.cpp, line 1512]
Event: 0.084 Thread 0x000001e5a2e43800 Exception <a 'java/io/FileNotFoundException'> (0x000000076c0a7be8) thrown at [C:\jenkins\workspace\8-2-build-windows-amd64-cygwin\jdk8u281\880\hotspot\src\share\vm\prims\jni.cpp, line 710]
Event: 0.114 Thread 0x000001e5a2e43800 Exception <a 'java/lang/NoSuchFieldError': method resolution failed> (0x000000076c2baf70) thrown at [C:\jenkins\workspace\8-2-build-windows-amd64-cygwin\jdk8u281\880\hotspot\src\share\vm\prims\methodHandles.cpp, line 1169]
Event: 0.116 Thread 0x000001e5a2e43800 Exception <a 'java/lang/NoSuchFieldError': method resolution failed> (0x000000076c2c8340) thrown at [C:\jenkins\workspace\8-2-build-windows-amd64-cygwin\jdk8u281\880\hotspot\src\share\vm\prims\methodHandles.cpp, line 1169]
Event: 0.150 Thread 0x000001e5a2e43800 Exception <a 'java/io/FileNotFoundException'> (0x000000076c362868) thrown at [C:\jenkins\workspace\8-2-build-windows-amd64-cygwin\jdk8u281\880\hotspot\src\share\vm\prims\jni.cpp, line 710]

Events (10 events):
Event: 1.721 loading class sun/awt/SunToolkit$1
Event: 1.721 loading class sun/awt/SunToolkit$1 done
Event: 4.098 Executing VM operation: EnableBiasedLocking
Event: 4.098 Executing VM operation: EnableBiasedLocking done
Event: 5069.769 loading class java/util/WeakHashMap$KeyIterator
Event: 5069.769 loading class java/util/WeakHashMap$HashIterator
Event: 5069.770 loading class java/util/WeakHashMap$HashIterator done
Event: 5069.770 loading class java/util/WeakHashMap$KeyIterator done
Event: 5069.773 loading class javax/swing/RepaintManager$DisplayChangedRunnable
Event: 5069.773 loading class javax/swing/RepaintManager$DisplayChangedRunnable done


Dynamic libraries:
0x00007ff6c5750000 - 0x00007ff6c5797000 	C:\Program Files\Java\jre1.8.0_281\bin\javaw.exe
0x00007ffd05780000 - 0x00007ffd05989000 	C:\Windows\SYSTEM32\ntdll.dll
0x00007ffd05470000 - 0x00007ffd0552d000 	C:\Windows\System32\KERNEL32.DLL
0x00007ffd02c60000 - 0x00007ffd02fdc000 	C:\Windows\System32\KERNELBASE.dll
0x00007ffd03a40000 - 0x00007ffd03aee000 	C:\Windows\System32\ADVAPI32.dll
0x00007ffd045d0000 - 0x00007ffd04673000 	C:\Windows\System32\msvcrt.dll
0x00007ffd04a50000 - 0x00007ffd04aee000 	C:\Windows\System32\sechost.dll
0x00007ffd05530000 - 0x00007ffd05650000 	C:\Windows\System32\RPCRT4.dll
0x00007ffd037a0000 - 0x00007ffd0394d000 	C:\Windows\System32\USER32.dll
0x00007ffd02fe0000 - 0x00007ffd03006000 	C:\Windows\System32\win32u.dll
0x00007ffd048e0000 - 0x00007ffd04909000 	C:\Windows\System32\GDI32.dll
0x00007ffd03130000 - 0x00007ffd03249000 	C:\Windows\System32\gdi32full.dll
0x00007ffd03090000 - 0x00007ffd0312d000 	C:\Windows\System32\msvcp_win.dll
0x00007ffd033c0000 - 0x00007ffd034d1000 	C:\Windows\System32\ucrtbase.dll
0x00007ffce9310000 - 0x00007ffce95b5000 	C:\Windows\WinSxS\amd64_microsoft.windows.common-controls_6595b64144ccf1df_6.0.22000.120_none_9d947278b86cc467\COMCTL32.dll
0x00007ffd04590000 - 0x00007ffd045c1000 	C:\Windows\System32\IMM32.DLL
0x00007ffce6bc0000 - 0x00007ffce6bd5000 	C:\Program Files\Java\jre1.8.0_281\bin\vcruntime140.dll
0x00007ffce1870000 - 0x00007ffce190b000 	C:\Program Files\Java\jre1.8.0_281\bin\msvcp140.dll
0x0000000061b60000 - 0x00000000623bf000 	C:\Program Files\Java\jre1.8.0_281\bin\server\jvm.dll
0x00007ffd03b70000 - 0x00007ffd03b78000 	C:\Windows\System32\PSAPI.DLL
0x00007ffcfc5f0000 - 0x00007ffcfc623000 	C:\Windows\SYSTEM32\WINMM.dll
0x00007ffcf5540000 - 0x00007ffcf554a000 	C:\Windows\SYSTEM32\VERSION.dll
0x00007ffcdcd40000 - 0x00007ffcdcd49000 	C:\Windows\SYSTEM32\WSOCK32.dll
0x00007ffd04690000 - 0x00007ffd046ff000 	C:\Windows\System32\WS2_32.dll
0x00007ffd01d30000 - 0x00007ffd01d48000 	C:\Windows\SYSTEM32\kernel.appcore.dll
0x00007ffc9ce50000 - 0x00007ffc9ce60000 	C:\Program Files\Java\jre1.8.0_281\bin\verify.dll
0x00007ffc9ce20000 - 0x00007ffc9ce4b000 	C:\Program Files\Java\jre1.8.0_281\bin\java.dll
0x00007ffc9ce00000 - 0x00007ffc9ce18000 	C:\Program Files\Java\jre1.8.0_281\bin\zip.dll
0x00007ffd04cb0000 - 0x00007ffd05468000 	C:\Windows\System32\SHELL32.dll
0x00007ffd00cc0000 - 0x00007ffd01528000 	C:\Windows\SYSTEM32\windows.storage.dll
0x00007ffd04050000 - 0x00007ffd043c9000 	C:\Windows\System32\combase.dll
0x00007ffd00b50000 - 0x00007ffd00cb6000 	C:\Windows\SYSTEM32\wintypes.dll
0x00007ffd05650000 - 0x00007ffd0573a000 	C:\Windows\System32\SHCORE.dll
0x00007ffd03620000 - 0x00007ffd0367d000 	C:\Windows\System32\shlwapi.dll
0x00007ffd02b90000 - 0x00007ffd02bb1000 	C:\Windows\SYSTEM32\profapi.dll
0x00007ffc9bce0000 - 0x00007ffc9be75000 	C:\Program Files\Java\jre1.8.0_281\bin\awt.dll
0x00007ffd04910000 - 0x00007ffd049e6000 	C:\Windows\System32\OLEAUT32.dll
0x00007ffcfd380000 - 0x00007ffcfd411000 	C:\Windows\SYSTEM32\apphelp.dll
0x00007ffcfd810000 - 0x00007ffcfd83f000 	C:\Windows\system32\DWMAPI.DLL
0x00007ffcfd480000 - 0x00007ffcfd52c000 	C:\Windows\system32\uxtheme.dll
0x00007ffc977d0000 - 0x00007ffc978d1000 	C:\Windows\system32\opengl32.dll
0x00007ffc977a0000 - 0x00007ffc977cd000 	C:\Windows\SYSTEM32\GLU32.dll
0x00007ffcfd730000 - 0x00007ffcfd768000 	C:\Windows\SYSTEM32\dxcore.dll
0x00007ffd03680000 - 0x00007ffd0379e000 	C:\Windows\System32\MSCTF.dll
0x00007ffd043f0000 - 0x00007ffd0458a000 	C:\Windows\System32\ole32.dll
0x00007ffd03010000 - 0x00007ffd0308f000 	C:\Windows\System32\bcryptPrimitives.dll
0x00007ffce1bf0000 - 0x00007ffce1c39000 	C:\Program Files\Java\jre1.8.0_281\bin\fontmanager.dll
0x00007ffd04710000 - 0x00007ffd047bf000 	C:\Windows\System32\clbcatq.dll
0x00007ffcf9280000 - 0x00007ffcf942e000 	C:\Windows\SYSTEM32\WindowsCodecs.dll
0x00007ffc96070000 - 0x00007ffc960cd000 	C:\Windows\system32\dataexchange.dll
0x00007ffcf8a30000 - 0x00007ffcf8c96000 	C:\Windows\system32\twinapi.appcore.dll
0x00007ffce8600000 - 0x00007ffce872d000 	C:\Windows\SYSTEM32\textinputframework.dll
0x00007ffc9cda0000 - 0x00007ffc9cdbc000 	C:\Program Files\Java\jre1.8.0_281\bin\net.dll
0x00007ffd02270000 - 0x00007ffd022d7000 	C:\Windows\system32\mswsock.dll
0x00007ffc9cb50000 - 0x00007ffc9cb63000 	C:\Program Files\Java\jre1.8.0_281\bin\nio.dll
0x00007ffce1820000 - 0x00007ffce1863000 	C:\Program Files\Java\jre1.8.0_281\bin\t2k.dll
0x00007ffcfd090000 - 0x00007ffcfd1c2000 	C:\Windows\SYSTEM32\CoreMessaging.dll
0x00007ffcfa310000 - 0x00007ffcfa67d000 	C:\Windows\SYSTEM32\CoreUIComponents.dll
0x00007ffd024d0000 - 0x00007ffd024dc000 	C:\Windows\SYSTEM32\CRYPTBASE.DLL

VM Arguments:
jvm_args: -Dfile.encoding=Cp1252 
java_command: MCQ.Question
java_class_path (initial): C:\Program Files\Java\jre1.8.0_281\lib\resources.jar;C:\Program Files\Java\jre1.8.0_281\lib\rt.jar;C:\Program Files\Java\jre1.8.0_281\lib\jsse.jar;C:\Program Files\Java\jre1.8.0_281\lib\jce.jar;C:\Program Files\Java\jre1.8.0_281\lib\charsets.jar;C:\Program Files\Java\jre1.8.0_281\lib\jfr.jar;C:\Program Files\Java\jre1.8.0_281\lib\ext\access-bridge-64.jar;C:\Program Files\Java\jre1.8.0_281\lib\ext\cldrdata.jar;C:\Program Files\Java\jre1.8.0_281\lib\ext\dnsns.jar;C:\Program Files\Java\jre1.8.0_281\lib\ext\dns_sd.jar;C:\Program Files\Java\jre1.8.0_281\lib\ext\jaccess.jar;C:\Program Files\Java\jre1.8.0_281\lib\ext\jfxrt.jar;C:\Program Files\Java\jre1.8.0_281\lib\ext\localedata.jar;C:\Program Files\Java\jre1.8.0_281\lib\ext\nashorn.jar;C:\Program Files\Java\jre1.8.0_281\lib\ext\sunec.jar;C:\Program Files\Java\jre1.8.0_281\lib\ext\sunjce_provider.jar;C:\Program Files\Java\jre1.8.0_281\lib\ext\sunmscapi.jar;C:\Program Files\Java\jre1.8.0_281\lib\ext\sunpkcs11.jar;C:\Program Files\Java\jre1.8.0_281\lib\ext\zipfs.jar;D:\Automation\MCQ\bin
Launcher Type: SUN_STANDARD

Environment Variables:
JAVA_HOME=C:\Program Files\Java\jdk1.8.0_281
PATH=C:/Program Files/Java/jre1.8.0_281/bin/server;C:/Program Files/Java/jre1.8.0_281/bin;C:/Program Files/Java/jre1.8.0_281/lib/amd64;C:\ProgramData\Oracle\Java\javapath;C:\Program Files\Microsoft MPI\Bin\;C:\Program Files (x86)\Common Files\Oracle\Java\javapath;C:\Windows\system32;C:\Windows;C:\Windows\System32\Wbem;C:\Windows\System32\WindowsPowerShell\v1.0\;C:\Windows\System32\OpenSSH\;C:\Program Files\NVIDIA Corporation\NVIDIA NvDLISR;C:\Program Files\TortoiseSVN\bin;C:\Program Files (x86)\Microsoft SQL Server\140\Tools\Binn\;C:\Program Files\Microsoft SQL Server\140\Tools\Binn\;C:\Program Files (x86)\Microsoft SQL Server\140\DTS\Binn\;C:\Program Files\Microsoft SQL Server\140\DTS\Binn\;C:\Program Files\Microsoft SQL Server\Client SDK\ODBC\130\Tools\Binn\;C:\Program Files (x86)\Microsoft SQL Server\150\DTS\Binn\;C:\Program Files\Azure Data Studio\bin;C:\Users\Administrator\AppData\Local\Programs\Python\Python310\python.exe;C:\Users\Administrator\AppData\Local\Programs\Python\Python310\Scripts\pip3.10.exe;C:\Program Files\nodejs\;D:\dependency\allure-commandline-2.17.3\allure-2.17.3\bin;C:\Program Files\Java\jdk1.8.0_281\bin;C:\Program Files\dotnet\;c:\page;C:\Program Files (x86)\Microsoft SQL Server\150\Tools\Binn\;C:\Program Files\Microsoft SQL Server\150\Tools\Binn\;C:\Program Files\Microsoft SQL Server\150\DTS\Binn\;C:\Program Files\Microsoft SQL Server\Client SDK\ODBC\170\Tools\Binn\;C:\Program Files\Git\cmd;C:\Users\Murali.R\AppData\Local\Microsoft\WindowsApps;C:\Users\Murali.R\AppData\Local\GitHubDesktop\bin;C:\Users\Murali.R\AppData\Local\Programs\Python\Python39\Scripts;C:\Program Files\heroku\bin;E:\SOFTWARE\Eclipse\eclipse;
USERNAME=Murali.R
OS=Windows_NT
PROCESSOR_IDENTIFIER=Intel64 Family 6 Model 140 Stepping 1, GenuineIntel



---------------  S Y S T E M  ---------------

OS: Windows 10.0 , 64 bit Build 22000 (10.0.22000.708)

CPU:total 8 (initial active 8) (4 cores per cpu, 2 threads per core) family 6 model 140 stepping 1, cmov, cx8, fxsr, mmx, sse, sse2, sse3, ssse3, sse4.1, sse4.2, popcnt, avx, avx2, aes, clmul, erms, 3dnowpref, lzcnt, ht, tsc, tscinvbit, bmi1, bmi2, adx

Memory: 4k page, physical 16509728k(4066000k free), swap 49143836k(1956k free)

vm_info: Java HotSpot(TM) 64-Bit Server VM (25.281-b09) for windows-amd64 JRE (1.8.0_281-b09), built on Dec  9 2020 13:54:07 by "" with MS VC++ 15.9 (VS2017)

time: Thu Sep 22 15:16:11 2022
timezone: India Standard Time
elapsed time: 5069.783041 seconds (0d 1h 24m 29s)

